<?xml version="1.0" encoding="UTF-8"?>
<testng-results ignored="0" total="4" passed="4" failed="0" skipped="0">
  <reporter-output>
  </reporter-output>
  <suite started-at="2024-06-22T18:14:41Z" name="Default suite" finished-at="2024-06-22T18:14:48Z" duration-ms="6792">
    <groups>
    </groups>
    <test started-at="2024-06-22T18:14:41Z" name="Default test" finished-at="2024-06-22T18:14:48Z" duration-ms="6792">
      <class name="com.qa.opencart.tests.LoginPageTest">
        <test-method is-config="true" signature="setup()[pri:0, instance:com.qa.opencart.tests.LoginPageTest@aa549e5]" started-at="2024-06-22T18:14:41Z" name="setup" finished-at="2024-06-22T18:14:47Z" duration-ms="5862" status="PASS">
          <reporter-output>
          </reporter-output>
        </test-method> <!-- setup -->
        <test-method signature="forgotPwdLinkExistTest()[pri:0, instance:com.qa.opencart.tests.LoginPageTest@aa549e5]" started-at="2024-06-22T18:14:47Z" name="forgotPwdLinkExistTest" finished-at="2024-06-22T18:14:48Z" duration-ms="383" status="PASS">
          <reporter-output>
          </reporter-output>
        </test-method> <!-- forgotPwdLinkExistTest -->
        <test-method signature="loginPageTest()[pri:0, instance:com.qa.opencart.tests.LoginPageTest@aa549e5]" started-at="2024-06-22T18:14:48Z" name="loginPageTest" finished-at="2024-06-22T18:14:48Z" duration-ms="8" status="PASS">
          <reporter-output>
          </reporter-output>
        </test-method> <!-- loginPageTest -->
        <test-method signature="loginPageUrlTest()[pri:0, instance:com.qa.opencart.tests.LoginPageTest@aa549e5]" started-at="2024-06-22T18:14:48Z" name="loginPageUrlTest" finished-at="2024-06-22T18:14:48Z" duration-ms="7" status="PASS">
          <reporter-output>
          </reporter-output>
        </test-method> <!-- loginPageUrlTest -->
        <test-method signature="loginTest()[pri:0, instance:com.qa.opencart.tests.LoginPageTest@aa549e5]" started-at="2024-06-22T18:14:48Z" name="loginTest" finished-at="2024-06-22T18:14:48Z" duration-ms="308" status="PASS">
          <reporter-output>
          </reporter-output>
        </test-method> <!-- loginTest -->
        <test-method is-config="true" signature="tearDown()[pri:0, instance:com.qa.opencart.tests.LoginPageTest@aa549e5]" started-at="2024-06-22T18:14:48Z" name="tearDown" finished-at="2024-06-22T18:14:48Z" duration-ms="151" status="PASS">
          <reporter-output>
          </reporter-output>
        </test-method> <!-- tearDown -->
      </class> <!-- com.qa.opencart.tests.LoginPageTest -->
    </test> <!-- Default test -->
  </suite> <!-- Default suite -->
</testng-results>
